Vertices:
Data: _id
Vertex edges: 1
--------------------------------------------------
Data: city
Vertex edges: 1
--------------------------------------------------
Data: zip
Vertex edges: 1
--------------------------------------------------
Data: loc.y
Vertex edges: 1
--------------------------------------------------
Data: loc.x
Vertex edges: 1
--------------------------------------------------
Data: pop
Vertex edges: 1
--------------------------------------------------
Data: state
Vertex edges: 1
--------------------------------------------------
Edges:
Edge weight: 29470
Edge vertices 7:
	_id
	city
	zip
	loc.y
	loc.x
	pop
	state
--------------------------------------------------
Vertices count: 7
Edges count: 1
