Vertices:
Data: _id
Vertex edges: 1
--------------------------------------------------
Data: name
Vertex edges: 1
--------------------------------------------------
Data: email
Vertex edges: 1
--------------------------------------------------
Data: movie_id
Vertex edges: 1
--------------------------------------------------
Data: text
Vertex edges: 1
--------------------------------------------------
Data: date
Vertex edges: 1
--------------------------------------------------
Edges:
Edge weight: 50304
Edge vertices 6:
	_id
	name
	email
	movie_id
	text
	date
--------------------------------------------------
Vertices count: 6
Edges count: 1
