Vertices:
Data: _id
Vertex edges: 1
--------------------------------------------------
Data: account_id
Vertex edges: 1
--------------------------------------------------
Data: transaction_count
Vertex edges: 1
--------------------------------------------------
Data: bucket_start_date
Vertex edges: 1
--------------------------------------------------
Data: bucket_end_date
Vertex edges: 1
--------------------------------------------------
Data: transactions
Vertex edges: 1
--------------------------------------------------
Edges:
Edge weight: 1746
Edge vertices 6:
	_id
	account_id
	transaction_count
	bucket_start_date
	bucket_end_date
	transactions
--------------------------------------------------
Vertices count: 6
Edges count: 1
